<?xml version="1.0" encoding="UTF-8"?>
<!-- Generated by org.testng.reporters.JUnitXMLReporter -->
<testsuite ignored="0" hostname="LAPTOP-7PVT4FJ8" failures="0" tests="3" name="Default test" time="14.282" errors="0" timestamp="2022-12-04T15:41:36 IST">
  <testcase classname="config.TestScript" name="Branches" time="0.494"/>
  <testcase classname="config.TestScript" name="Roles" time="0.398"/>
  <testcase classname="config.TestScript" name="Users" time="1.524"/>
</testsuite> <!-- Default test -->
