<?xml version="1.0" encoding="UTF-8"?>
<!-- Generated by org.testng.reporters.JUnitXMLReporter -->
<testsuite ignored="0" hostname="LAPTOP-7PVT4FJ8" failures="0" tests="5" name="Default test" time="92.755" errors="0" timestamp="2022-12-05T16:57:47 IST">
  <testcase classname="config.Login" name="ValidateLogin" time="21.926"/>
  <testcase classname="config.Login" name="ValidateLogin" time="20.611"/>
  <testcase classname="config.Login" name="ValidateLogin" time="20.783"/>
  <testcase classname="config.Login" name="ValidateLogin" time="5.293"/>
  <testcase classname="config.Login" name="ValidateLogin" time="24.094"/>
</testsuite> <!-- Default test -->
