<?xml version="1.0" encoding="UTF-8"?>
<testng-results ignored="0" total="3" passed="3" failed="0" skipped="0">
  <reporter-output>
    <line>
      <![CDATA[Executing PreCondition]]>
    </line>
    <line>
      <![CDATA[Executing Branches Test]]>
    </line>
    <line>
      <![CDATA[Executing Roles Test]]>
    </line>
    <line>
      <![CDATA[Executing Users Test]]>
    </line>
    <line>
      <![CDATA[Executing PostCondition]]>
    </line>
  </reporter-output>
  <suite started-at="2022-12-04T15:41:22 IST" name="Default suite" finished-at="2022-12-04T15:41:36 IST" duration-ms="14282">
    <groups>
    </groups>
    <test started-at="2022-12-04T15:41:22 IST" name="Default test" finished-at="2022-12-04T15:41:36 IST" duration-ms="14282">
      <class name="config.TestScript">
        <test-method is-config="true" signature="setUp()[pri:0, instance:config.TestScript@2e385cce]" started-at="2022-12-04T15:41:22 IST" name="setUp" finished-at="2022-12-04T15:41:34 IST" duration-ms="11700" status="PASS">
          <reporter-output>
            <line>
              <![CDATA[Executing PreCondition]]>
            </line>
          </reporter-output>
        </test-method> <!-- setUp -->
        <test-method signature="Branches()[pri:0, instance:config.TestScript@2e385cce]" started-at="2022-12-04T15:41:34 IST" name="Branches" finished-at="2022-12-04T15:41:34 IST" duration-ms="494" status="PASS">
          <reporter-output>
            <line>
              <![CDATA[Executing Branches Test]]>
            </line>
          </reporter-output>
        </test-method> <!-- Branches -->
        <test-method signature="Roles()[pri:0, instance:config.TestScript@2e385cce]" started-at="2022-12-04T15:41:34 IST" name="Roles" finished-at="2022-12-04T15:41:35 IST" duration-ms="398" status="PASS">
          <reporter-output>
            <line>
              <![CDATA[Executing Roles Test]]>
            </line>
          </reporter-output>
        </test-method> <!-- Roles -->
        <test-method signature="Users()[pri:0, instance:config.TestScript@2e385cce]" started-at="2022-12-04T15:41:35 IST" name="Users" finished-at="2022-12-04T15:41:36 IST" duration-ms="1524" status="PASS">
          <reporter-output>
            <line>
              <![CDATA[Executing Users Test]]>
            </line>
          </reporter-output>
        </test-method> <!-- Users -->
        <test-method is-config="true" signature="tearDown()[pri:0, instance:config.TestScript@2e385cce]" started-at="2022-12-04T15:41:36 IST" name="tearDown" finished-at="2022-12-04T15:41:36 IST" duration-ms="116" status="PASS">
          <reporter-output>
            <line>
              <![CDATA[Executing PostCondition]]>
            </line>
          </reporter-output>
        </test-method> <!-- tearDown -->
      </class> <!-- config.TestScript -->
    </test> <!-- Default test -->
  </suite> <!-- Default suite -->
</testng-results>
