<?xml version="1.0" encoding="UTF-8"?>
<testng-results ignored="0" total="5" passed="5" failed="0" skipped="0">
  <reporter-output>
  </reporter-output>
  <suite started-at="2022-12-05T16:56:15 IST" name="Default suite" finished-at="2022-12-05T16:57:47 IST" duration-ms="92755">
    <groups>
    </groups>
    <test started-at="2022-12-05T16:56:15 IST" name="Default test" finished-at="2022-12-05T16:57:47 IST" duration-ms="92755">
      <class name="config.Login">
        <test-method signature="ValidateLogin()[pri:0, instance:config.Login@783a467b]" started-at="2022-12-05T16:56:15 IST" name="ValidateLogin" finished-at="2022-12-05T16:56:37 IST" duration-ms="21926" status="PASS">
          <reporter-output>
          </reporter-output>
        </test-method> <!-- ValidateLogin -->
        <test-method signature="ValidateLogin()[pri:0, instance:config.Login@783a467b]" started-at="2022-12-05T16:56:37 IST" name="ValidateLogin" finished-at="2022-12-05T16:56:57 IST" duration-ms="20611" status="PASS">
          <reporter-output>
          </reporter-output>
        </test-method> <!-- ValidateLogin -->
        <test-method signature="ValidateLogin()[pri:0, instance:config.Login@783a467b]" started-at="2022-12-05T16:56:57 IST" name="ValidateLogin" finished-at="2022-12-05T16:57:18 IST" duration-ms="20783" status="PASS">
          <reporter-output>
          </reporter-output>
        </test-method> <!-- ValidateLogin -->
        <test-method signature="ValidateLogin()[pri:0, instance:config.Login@783a467b]" started-at="2022-12-05T16:57:18 IST" name="ValidateLogin" finished-at="2022-12-05T16:57:23 IST" duration-ms="5293" status="PASS">
          <reporter-output>
          </reporter-output>
        </test-method> <!-- ValidateLogin -->
        <test-method signature="ValidateLogin()[pri:0, instance:config.Login@783a467b]" started-at="2022-12-05T16:57:23 IST" name="ValidateLogin" finished-at="2022-12-05T16:57:47 IST" duration-ms="24094" status="PASS">
          <reporter-output>
          </reporter-output>
        </test-method> <!-- ValidateLogin -->
      </class> <!-- config.Login -->
    </test> <!-- Default test -->
  </suite> <!-- Default suite -->
</testng-results>
